0 info it worked if it ends with ok
1 verbose cli [ '/usr/local/Cellar/node/5.0.0/bin/node',
1 verbose cli   '/usr/local/bin/npm',
1 verbose cli   'start' ]
2 info using npm@3.3.9
3 info using node@v5.0.0
4 verbose run-script [ 'prestart', 'start', 'poststart' ]
5 info lifecycle simple-todos@~prestart: simple-todos@
6 silly lifecycle simple-todos@~prestart: no script for prestart, continuing
7 info lifecycle simple-todos@~start: simple-todos@
8 verbose lifecycle simple-todos@~start: unsafe-perm in lifecycle true
9 verbose lifecycle simple-todos@~start: PATH: /usr/local/lib/node_modules/npm/bin/node-gyp-bin:/Users/josephbridgwaterrowe/Code/simple-todos/node_modules/.bin:/usr/local/sbin:/Users/josephbridgwaterrowe/.rvm/gems/ruby-2.2.2/bin:/Users/josephbridgwaterrowe/.rvm/gems/ruby-2.2.2@global/bin:/Users/josephbridgwaterrowe/.rvm/rubies/ruby-2.2.2/bin:/usr/local/bin:/usr/bin:/bin:/usr/sbin:/sbin:/Users/josephbridgwaterrowe/.rvm/bin
10 verbose lifecycle simple-todos@~start: CWD: /Users/josephbridgwaterrowe/Code/simple-todos
11 silly lifecycle simple-todos@~start: Args: [ '-c', '.scripts/start.js' ]
12 silly lifecycle simple-todos@~start: Returned: code: 126  signal: null
13 info lifecycle simple-todos@~start: Failed to exec start script
14 verbose stack Error: simple-todos@ start: `.scripts/start.js`
14 verbose stack Exit status 126
14 verbose stack     at EventEmitter.<anonymous> (/usr/local/lib/node_modules/npm/lib/utils/lifecycle.js:233:16)
14 verbose stack     at emitTwo (events.js:87:13)
14 verbose stack     at EventEmitter.emit (events.js:172:7)
14 verbose stack     at ChildProcess.<anonymous> (/usr/local/lib/node_modules/npm/lib/utils/spawn.js:24:14)
14 verbose stack     at emitTwo (events.js:87:13)
14 verbose stack     at ChildProcess.emit (events.js:172:7)
14 verbose stack     at maybeClose (internal/child_process.js:818:16)
14 verbose stack     at Process.ChildProcess._handle.onexit (internal/child_process.js:211:5)
15 verbose pkgid simple-todos@
16 verbose cwd /Users/josephbridgwaterrowe/Code/simple-todos
17 error Darwin 15.4.0
18 error argv "/usr/local/Cellar/node/5.0.0/bin/node" "/usr/local/bin/npm" "start"
19 error node v5.0.0
20 error npm  v3.3.9
21 error code ELIFECYCLE
22 error simple-todos@ start: `.scripts/start.js`
22 error Exit status 126
23 error Failed at the simple-todos@ start script '.scripts/start.js'.
23 error This is most likely a problem with the simple-todos package,
23 error not with npm itself.
23 error Tell the author that this fails on your system:
23 error     .scripts/start.js
23 error You can get their info via:
23 error     npm owner ls simple-todos
23 error There is likely additional logging output above.
24 verbose exit [ 1, true ]
